  [1m[35m (0.5ms)[0m  [1m[35mCREATE DATABASE `app_development` DEFAULT CHARACTER SET `utf8mb4`[0m
  [1m[35m (0.4ms)[0m  [1m[35mCREATE DATABASE `app_test` DEFAULT CHARACTER SET `utf8mb4`[0m
[ActionDispatch::HostAuthorization::DefaultResponseApp] Blocked host: app
[ActionDispatch::HostAuthorization::DefaultResponseApp] Blocked host: app
[ActionDispatch::HostAuthorization::DefaultResponseApp] Blocked host: app
[ActionDispatch::HostAuthorization::DefaultResponseApp] Blocked host: app
[ActionDispatch::HostAuthorization::DefaultResponseApp] Blocked host: app
[ActionDispatch::HostAuthorization::DefaultResponseApp] Blocked host: app
Started GET "/" for 127.0.0.1 at 2022-02-19 01:14:57 +0900
Processing by Rails::WelcomeController#index as HTML
  Rendering /usr/local/bundle/gems/railties-7.0.2.2/lib/rails/templates/rails/welcome/index.html.erb
  Rendered /usr/local/bundle/gems/railties-7.0.2.2/lib/rails/templates/rails/welcome/index.html.erb (Duration: 3.4ms | Allocations: 812)
Completed 200 OK in 51ms (Views: 13.7ms | ActiveRecord: 0.0ms | Allocations: 6911)


  [1m[35m (12.1ms)[0m  [1m[35mCREATE TABLE `schema_migrations` (`version` varchar(255) NOT NULL PRIMARY KEY)[0m
  [1m[35m (8.7ms)[0m  [1m[35mCREATE TABLE `ar_internal_metadata` (`key` varchar(255) NOT NULL PRIMARY KEY, `value` varchar(255), `created_at` datetime(6) NOT NULL, `updated_at` datetime(6) NOT NULL)[0m
  [1m[35m (0.7ms)[0m  [1m[34mSELECT GET_LOCK('5277929974492897470', 0)[0m
  [1m[36mActiveRecord::SchemaMigration Pluck (0.4ms)[0m  [1m[34mSELECT `schema_migrations`.`version` FROM `schema_migrations` ORDER BY `schema_migrations`.`version` ASC[0m
Migrating to CreatePosts (20220218161540)
  [1m[35m (10.6ms)[0m  [1m[35mCREATE TABLE `posts` (`id` bigint NOT NULL AUTO_INCREMENT PRIMARY KEY, `title` varchar(255), `created_at` datetime(6) NOT NULL, `updated_at` datetime(6) NOT NULL)[0m
  [1m[36mTRANSACTION (0.5ms)[0m  [1m[35mBEGIN[0m
  [1m[36mActiveRecord::SchemaMigration Create (1.3ms)[0m  [1m[32mINSERT INTO `schema_migrations` (`version`) VALUES ('20220218161540')[0m
  [1m[36mTRANSACTION (1.5ms)[0m  [1m[35mCOMMIT[0m
  [1m[36mActiveRecord::InternalMetadata Load (1.5ms)[0m  [1m[34mSELECT `ar_internal_metadata`.* FROM `ar_internal_metadata` WHERE `ar_internal_metadata`.`key` = 'environment' LIMIT 1[0m
  [1m[36mTRANSACTION (0.4ms)[0m  [1m[35mBEGIN[0m
  [1m[36mActiveRecord::InternalMetadata Create (0.5ms)[0m  [1m[32mINSERT INTO `ar_internal_metadata` (`key`, `value`, `created_at`, `updated_at`) VALUES ('environment', 'development', '2022-02-18 16:15:49.884761', '2022-02-18 16:15:49.884761')[0m
  [1m[36mTRANSACTION (1.3ms)[0m  [1m[35mCOMMIT[0m
  [1m[35m (0.4ms)[0m  [1m[34mSELECT RELEASE_LOCK('5277929974492897470')[0m
  [1m[36mActiveRecord::SchemaMigration Pluck (0.6ms)[0m  [1m[34mSELECT `schema_migrations`.`version` FROM `schema_migrations` ORDER BY `schema_migrations`.`version` ASC[0m
  [1m[36mActiveRecord::SchemaMigration Pluck (0.3ms)[0m  [1m[34mSELECT `schema_migrations`.`version` FROM `schema_migrations` ORDER BY `schema_migrations`.`version` ASC[0m
  [1m[36mTRANSACTION (0.4ms)[0m  [1m[35mBEGIN[0m
  [1m[36mPost Create (0.4ms)[0m  [1m[32mINSERT INTO `posts` (`title`, `created_at`, `updated_at`) VALUES ('test1', '2022-02-18 16:16:14.730354', '2022-02-18 16:16:14.730354')[0m
  [1m[36mTRANSACTION (1.5ms)[0m  [1m[35mCOMMIT[0m
  [1m[36mTRANSACTION (0.3ms)[0m  [1m[35mBEGIN[0m
  [1m[36mPost Create (0.5ms)[0m  [1m[32mINSERT INTO `posts` (`title`, `created_at`, `updated_at`) VALUES ('test2', '2022-02-18 16:16:14.737667', '2022-02-18 16:16:14.737667')[0m
  [1m[36mTRANSACTION (1.7ms)[0m  [1m[35mCOMMIT[0m
  [1m[36mTRANSACTION (0.3ms)[0m  [1m[35mBEGIN[0m
  [1m[36mPost Create (0.4ms)[0m  [1m[32mINSERT INTO `posts` (`title`, `created_at`, `updated_at`) VALUES ('test3', '2022-02-18 16:16:14.745731', '2022-02-18 16:16:14.745731')[0m
  [1m[36mTRANSACTION (1.3ms)[0m  [1m[35mCOMMIT[0m
  [1m[36mTRANSACTION (0.3ms)[0m  [1m[35mBEGIN[0m
  [1m[36mPost Create (0.4ms)[0m  [1m[32mINSERT INTO `posts` (`title`, `created_at`, `updated_at`) VALUES ('test4', '2022-02-18 16:16:14.753300', '2022-02-18 16:16:14.753300')[0m
  [1m[36mTRANSACTION (1.4ms)[0m  [1m[35mCOMMIT[0m
  [1m[36mTRANSACTION (0.3ms)[0m  [1m[35mBEGIN[0m
  [1m[36mPost Create (0.5ms)[0m  [1m[32mINSERT INTO `posts` (`title`, `created_at`, `updated_at`) VALUES ('test5', '2022-02-18 16:16:14.759943', '2022-02-18 16:16:14.759943')[0m
  [1m[36mTRANSACTION (1.4ms)[0m  [1m[35mCOMMIT[0m
Started GET "/" for 127.0.0.1 at 2022-02-19 01:16:18 +0900
  [1m[36mActiveRecord::SchemaMigration Pluck (0.3ms)[0m  [1m[34mSELECT `schema_migrations`.`version` FROM `schema_migrations` ORDER BY `schema_migrations`.`version` ASC[0m
Processing by Rails::WelcomeController#index as HTML
  Rendering /usr/local/bundle/gems/railties-7.0.2.2/lib/rails/templates/rails/welcome/index.html.erb
  Rendered /usr/local/bundle/gems/railties-7.0.2.2/lib/rails/templates/rails/welcome/index.html.erb (Duration: 1.0ms | Allocations: 516)
Completed 200 OK in 4ms (Views: 3.4ms | ActiveRecord: 0.0ms | Allocations: 1487)


Started GET "/" for 127.0.0.1 at 2022-02-19 01:16:19 +0900
Processing by Rails::WelcomeController#index as HTML
  Rendering /usr/local/bundle/gems/railties-7.0.2.2/lib/rails/templates/rails/welcome/index.html.erb
  Rendered /usr/local/bundle/gems/railties-7.0.2.2/lib/rails/templates/rails/welcome/index.html.erb (Duration: 0.5ms | Allocations: 27)
Completed 200 OK in 4ms (Views: 3.4ms | ActiveRecord: 0.0ms | Allocations: 231)


Started GET "/posts" for 127.0.0.1 at 2022-02-19 01:16:35 +0900
Processing by PostsController#index as HTML
  [1m[36mPost Load (0.5ms)[0m  [1m[34mSELECT `posts`.* FROM `posts`[0m
  ↳ app/controllers/posts_controller.rb:8:in `index'
Completed 200 OK in 25ms (Views: 11.5ms | ActiveRecord: 2.0ms | Allocations: 7685)


Started GET "/favicon.ico" for 127.0.0.1 at 2022-02-19 01:16:36 +0900
  
ActionController::RoutingError (No route matches [GET] "/favicon.ico"):
  
Started GET "/" for 127.0.0.1 at 2022-02-19 11:58:32 +0900
  [1m[36mActiveRecord::SchemaMigration Pluck (0.4ms)[0m  [1m[34mSELECT `schema_migrations`.`version` FROM `schema_migrations` ORDER BY `schema_migrations`.`version` ASC[0m
Processing by Rails::WelcomeController#index as HTML
  Rendering /usr/local/bundle/gems/railties-7.0.2.2/lib/rails/templates/rails/welcome/index.html.erb
  Rendered /usr/local/bundle/gems/railties-7.0.2.2/lib/rails/templates/rails/welcome/index.html.erb (Duration: 3.5ms | Allocations: 812)
Completed 200 OK in 40ms (Views: 14.7ms | ActiveRecord: 0.0ms | Allocations: 6479)


Started GET "/" for 127.0.0.1 at 2022-02-19 14:28:04 +0900
Processing by Rails::WelcomeController#index as HTML
  Rendering /usr/local/bundle/gems/railties-7.0.2.2/lib/rails/templates/rails/welcome/index.html.erb
  Rendered /usr/local/bundle/gems/railties-7.0.2.2/lib/rails/templates/rails/welcome/index.html.erb (Duration: 3.9ms | Allocations: 522)
Completed 200 OK in 17ms (Views: 13.6ms | Allocations: 1489)


